<?xml version="1.0" encoding="UTF-8"?>
<!-- Generated by org.testng.reporters.JUnitXMLReporter -->
<testsuite ignored="5" hostname="ImPacific" failures="0" tests="1" name="New USer Creation Test Cases" time="2.901" errors="0" timestamp="18 Aug 2025 20:25:37 GMT">
  <testcase classname="com.Api.RestAssured.Practice.Demo.EasyAPIScenarios" name="uploadImage" time="2.881"/>
  <testcase classname="com.Api.RestAssured.Practice.Demo.EasyAPIScenarios" name="findPetByStatus" time="0.0">
    <ignored/>
  </testcase> <!-- findPetByStatus -->
  <testcase classname="com.Api.RestAssured.Practice.Demo.EasyAPIScenarios" name="updatePetBody" time="0.0">
    <ignored/>
  </testcase> <!-- updatePetBody -->
  <testcase classname="com.Api.RestAssured.Practice.Demo.EasyAPIScenarios" name="updatePetForm" time="0.0">
    <ignored/>
  </testcase> <!-- updatePetForm -->
  <testcase classname="com.Api.RestAssured.Practice.Demo.EasyAPIScenarios" name="findPetByID" time="0.0">
    <ignored/>
  </testcase> <!-- findPetByID -->
  <testcase classname="com.Api.RestAssured.Practice.Demo.EasyAPIScenarios" name="deletePet" time="0.0">
    <ignored/>
  </testcase> <!-- deletePet -->
</testsuite> <!-- New USer Creation Test Cases -->
