<?xml version="1.0" encoding="UTF-8"?>
<!-- Generated by org.testng.reporters.JUnitXMLReporter -->
<testsuite ignored="1" hostname="ImPacific" failures="0" tests="10" name="Default test" time="3.948" errors="0" timestamp="30 Aug 2025 11:50:45 GMT">
  <testcase classname="com.Api.RestAssured.Practice.Demo.FirstClass" name="bodyAsString" time="1.234"/>
  <testcase classname="com.Api.RestAssured.Practice.Demo.FirstClass" name="bodyJsonFile" time="0.629"/>
  <testcase classname="com.Api.RestAssured.Practice.Demo.FirstClass" name="bodyUsingPOJO" time="0.832"/>
  <testcase classname="com.Api.RestAssured.Practice.Demo.FirstClass" name="fetchResponseHeaders" time="0.115"/>
  <testcase classname="com.Api.RestAssured.Practice.Demo.FirstClass" name="printTestData" time="0.001"/>
  <testcase classname="com.Api.RestAssured.Practice.Demo.FirstClass" name="printTestData" time="0.001"/>
  <testcase classname="com.Api.RestAssured.Practice.Demo.FirstClass" name="printTestData" time="0.001"/>
  <testcase classname="com.Api.RestAssured.Practice.Demo.FirstClass" name="sample" time="0.545"/>
  <testcase classname="com.Api.RestAssured.Practice.Demo.FirstClass" name="sample3" time="0.001"/>
  <testcase classname="com.Api.RestAssured.Practice.Demo.FirstClass" name="validateDataofFirstUser" time="0.558"/>
  <testcase classname="com.Api.RestAssured.Practice.Demo.FirstClass" name="uploadFile" time="0.0">
    <ignored/>
  </testcase> <!-- uploadFile -->
</testsuite> <!-- Default test -->
