<?xml version="1.0" encoding="UTF-8"?>
<!-- Generated by org.testng.reporters.JUnitXMLReporter -->
<testsuite ignored="0" hostname="ImPacific" failures="0" tests="3" name="Test" time="74.591" errors="0" timestamp="2025-09-06T22:18:57 IST">
  <testcase classname="com.Api.RestAssured.Practice.Demo.CreateUserWithListTest" name="validateCreatedData" time="20.712">
    <skipped/>
  </testcase> <!-- validateCreatedData -->
  <testcase classname="com.Api.RestAssured.Practice.Demo.CreateUserWithListTest" name="validateCreatedData" time="45.5"/>
  <testcase classname="com.Api.RestAssured.Practice.Demo.CreateUserWithListTest" name="validateStatusCode" time="8.327"/>
</testsuite> <!-- Test -->
