<?xml version="1.0" encoding="UTF-8"?>
<!-- Generated by org.testng.reporters.JUnitXMLReporter -->
<testsuite ignored="0" hostname="ImPacific" failures="0" tests="2" name="Test" time="12.779" errors="0" timestamp="2025-09-06T21:52:46 IST">
  <testcase classname="com.Api.RestAssured.Practice.Demo.CreateUserWithListTest" name="validateCreatedData" time="9.393"/>
  <testcase classname="com.Api.RestAssured.Practice.Demo.CreateUserWithListTest" name="validateStatusCode" time="3.322"/>
</testsuite> <!-- Test -->
