<?xml version="1.0" encoding="UTF-8"?>
<!-- Generated by org.testng.reporters.JUnitXMLReporter -->
<testsuite ignored="1" hostname="ImPacific" failures="1" tests="1" name="Test" time="2.136" errors="0" timestamp="30 Aug 2025 14:36:00 GMT">
  <testcase classname="com.Api.RestAssured.Practice.Demo.CreateUserWithList" name="validateStatusCode" time="2.11">
    <failure/>
  </testcase> <!-- validateStatusCode -->
  <testcase classname="com.Api.RestAssured.Practice.Demo.CreateUserWithList" name="validateCreatedData" time="0.0">
    <ignored/>
  </testcase> <!-- validateCreatedData -->
</testsuite> <!-- Test -->
