<?xml version="1.0" encoding="UTF-8"?>
<testsuite xmlns:xsi="http://www.w3.org/2001/XMLSchema-instance" xsi:noNamespaceSchemaLocation="https://maven.apache.org/surefire/maven-surefire-plugin/xsd/surefire-test-report-3.0.xsd" version="3.0" name="TestSuite" time="76.403" tests="3" errors="0" skipped="1" failures="0">
  <properties>
[...]
</properties>
  <testcase name="validateCreatedData" classname="com.Api.RestAssured.Practice.Demo.CreateUserWithListTest" time="0">
    <skipped/>
    <system-err><![CDATA[log4j:WARN No appenders could be found for logger (org.testng.TestNG).
log4j:WARN Please initialize the log4j system properly.
log4j:WARN See http://logging.apache.org/log4j/1.2/faq.html#noconfig for more info.
]]></system-err>
  </testcase>
  <testcase name="validateCreatedData" classname="com.Api.RestAssured.Practice.Demo.CreateUserWithListTest" time="45.502">
    <system-out><![CDATA[post request valueJohn 
Get request value John
post request valueDoe 
Get request value Doe
post request valuePassword@123 
Get request value Password@123
post request value1 
Get request value 1
post request value+1-9876543210 
Get request value +1-9876543210
post request value10 
Get request value 10
post request valuejohn.doe@example.com 
Get request value john.doe@example.com
post request valuejohn_doe 
Get request value john_doe
]]></system-out>
  </testcase>
  <testcase name="validateStatusCode" classname="com.Api.RestAssured.Practice.Demo.CreateUserWithListTest" time="8.328">
    <system-out><![CDATA[{
    "code": 200,
    "type": "unknown",
    "message": "ok"
}
]]></system-out>
  </testcase>
</testsuite>