<?xml version="1.0" encoding="UTF-8"?>
<testng-results ignored="0" total="2" passed="2" failed="0" skipped="0">
  <reporter-output>
  </reporter-output>
  <suite started-at="2025-09-06T21:52:33 IST" name="Regression Suite" finished-at="2025-09-06T21:52:46 IST" duration-ms="12779">
    <groups>
      <group name="Regression">
        <method signature="CreateUserWithListTest.validateCreatedData()[pri:0, instance:com.Api.RestAssured.Practice.Demo.CreateUserWithListTest@4d1c005e]" name="validateCreatedData" class="com.Api.RestAssured.Practice.Demo.CreateUserWithListTest"/>
        <method signature="CreateUserWithListTest.validateStatusCode()[pri:0, instance:com.Api.RestAssured.Practice.Demo.CreateUserWithListTest@4d1c005e]" name="validateStatusCode" class="com.Api.RestAssured.Practice.Demo.CreateUserWithListTest"/>
      </group> <!-- Regression -->
      <group name="Smoke">
        <method signature="CreateUserWithListTest.validateCreatedData()[pri:0, instance:com.Api.RestAssured.Practice.Demo.CreateUserWithListTest@4d1c005e]" name="validateCreatedData" class="com.Api.RestAssured.Practice.Demo.CreateUserWithListTest"/>
      </group> <!-- Smoke -->
    </groups>
    <test started-at="2025-09-06T21:52:33 IST" name="Test" finished-at="2025-09-06T21:52:46 IST" duration-ms="12779">
      <class name="com.Api.RestAssured.Practice.Demo.CreateUserWithListTest">
        <test-method is-config="true" signature="setupExtentReport()[pri:0, instance:com.Api.RestAssured.Practice.Demo.CreateUserWithListTest@4d1c005e]" started-at="2025-09-06T21:52:33 IST" name="setupExtentReport" finished-at="2025-09-06T21:52:33 IST" duration-ms="636" status="PASS">
          <reporter-output>
          </reporter-output>
        </test-method> <!-- setupExtentReport -->
        <test-method is-config="true" signature="setupExtentTest(java.lang.reflect.Method)[pri:0, instance:com.Api.RestAssured.Practice.Demo.CreateUserWithListTest@4d1c005e]" started-at="2025-09-06T21:52:33 IST" name="setupExtentTest" finished-at="2025-09-06T21:52:33 IST" duration-ms="8" status="PASS">
          <params>
            <param index="0">
              <value>
                <![CDATA[public void com.Api.RestAssured.Practice.Demo.CreateUserWithListTest.validateCreatedData()]]>
              </value>
            </param>
          </params>
          <reporter-output>
          </reporter-output>
        </test-method> <!-- setupExtentTest -->
        <test-method signature="validateCreatedData()[pri:0, instance:com.Api.RestAssured.Practice.Demo.CreateUserWithListTest@4d1c005e]" started-at="2025-09-06T21:52:33 IST" name="validateCreatedData" finished-at="2025-09-06T21:52:43 IST" duration-ms="9393" status="PASS">
          <reporter-output>
          </reporter-output>
        </test-method> <!-- validateCreatedData -->
        <test-method is-config="true" signature="tearDownExtentTest()[pri:0, instance:com.Api.RestAssured.Practice.Demo.CreateUserWithListTest@4d1c005e]" started-at="2025-09-06T21:52:43 IST" name="tearDownExtentTest" finished-at="2025-09-06T21:52:43 IST" duration-ms="1" status="PASS">
          <reporter-output>
          </reporter-output>
        </test-method> <!-- tearDownExtentTest -->
        <test-method is-config="true" signature="setupExtentTest(java.lang.reflect.Method)[pri:0, instance:com.Api.RestAssured.Practice.Demo.CreateUserWithListTest@4d1c005e]" started-at="2025-09-06T21:52:43 IST" name="setupExtentTest" finished-at="2025-09-06T21:52:43 IST" duration-ms="1" status="PASS">
          <params>
            <param index="0">
              <value>
                <![CDATA[public void com.Api.RestAssured.Practice.Demo.CreateUserWithListTest.validateStatusCode()]]>
              </value>
            </param>
          </params>
          <reporter-output>
          </reporter-output>
        </test-method> <!-- setupExtentTest -->
        <test-method signature="validateStatusCode()[pri:0, instance:com.Api.RestAssured.Practice.Demo.CreateUserWithListTest@4d1c005e]" started-at="2025-09-06T21:52:43 IST" name="validateStatusCode" finished-at="2025-09-06T21:52:46 IST" duration-ms="3322" status="PASS">
          <reporter-output>
          </reporter-output>
        </test-method> <!-- validateStatusCode -->
        <test-method is-config="true" signature="tearDownExtentTest()[pri:0, instance:com.Api.RestAssured.Practice.Demo.CreateUserWithListTest@4d1c005e]" started-at="2025-09-06T21:52:46 IST" name="tearDownExtentTest" finished-at="2025-09-06T21:52:46 IST" duration-ms="0" status="PASS">
          <reporter-output>
          </reporter-output>
        </test-method> <!-- tearDownExtentTest -->
        <test-method is-config="true" signature="flushExtentReports()[pri:0, instance:com.Api.RestAssured.Practice.Demo.CreateUserWithListTest@4d1c005e]" started-at="2025-09-06T21:52:46 IST" name="flushExtentReports" finished-at="2025-09-06T21:52:47 IST" duration-ms="701" status="PASS">
          <reporter-output>
          </reporter-output>
        </test-method> <!-- flushExtentReports -->
      </class> <!-- com.Api.RestAssured.Practice.Demo.CreateUserWithListTest -->
    </test> <!-- Test -->
  </suite> <!-- Regression Suite -->
</testng-results>
