<?xml version="1.0" encoding="UTF-8"?>
<!-- Generated by org.testng.reporters.JUnitXMLReporter -->
<testsuite ignored="2" hostname="ImPacific" failures="0" tests="6" name="New USer Creation Test Cases" time="1.907" errors="0" timestamp="24 Jun 2025 20:30:03 GMT">
  <testcase classname="com.Api.RestAssured.Practice.Demo.FirstClass" name="fetchResponseHeaders" time="0.933"/>
  <testcase classname="com.Api.RestAssured.Practice.Demo.FirstClass" name="printTestData" time="0.001"/>
  <testcase classname="com.Api.RestAssured.Practice.Demo.FirstClass" name="printTestData" time="0.001"/>
  <testcase classname="com.Api.RestAssured.Practice.Demo.FirstClass" name="printTestData" time="0.001"/>
  <testcase classname="com.Api.RestAssured.Practice.Demo.FirstClass" name="sample" time="0.505"/>
  <testcase classname="com.Api.RestAssured.Practice.Demo.FirstClass" name="validateDataofFirstUser" time="0.445"/>
  <testcase classname="com.Api.RestAssured.Practice.Demo.FirstClass" name="sample3" time="0.0">
    <ignored/>
  </testcase> <!-- sample3 -->
  <testcase classname="com.Api.RestAssured.Practice.Demo.FirstClass" name="validateGetRequestWithDataFromJsonFile" time="0.0">
    <ignored/>
  </testcase> <!-- validateGetRequestWithDataFromJsonFile -->
</testsuite> <!-- New USer Creation Test Cases -->
